# JRE version: Java(TM) SE Runtime Environment (8.0_201-b09) (build 1.8.0_201-b09)
# Java VM: Java HotSpot(TM) 64-Bit Server VM (25.201-b09 mixed mode windows-amd64 compressed oops)
Heap:
 PSYoungGen      total 931840K, used 416330K [0x000000076ab00000, 0x00000007c0000000, 0x00000007c0000000)
  eden space 465920K, 88% used [0x000000076ab00000,0x0000000783ff2b38,0x0000000787200000)
  from space 465920K, 0% used [0x00000007a3900000,0x00000007a3aa0000,0x00000007c0000000)
  to   space 465920K, 0% used [0x0000000787200000,0x0000000787200000,0x00000007a3900000)
 ParOldGen       total 1661440K, used 1142551K [0x00000006c0000000, 0x0000000725680000, 0x000000076ab00000)
  object space 1661440K, 68% used [0x00000006c0000000,0x0000000705bc5ec0,0x0000000725680000)
 Metaspace       used 15934K, capacity 16654K, committed 17024K, reserved 1064960K
  class space    used 1632K, capacity 1795K, committed 1920K, reserved 1048576K
GC Heap History (10 events):
Event: 14.489 GC heap before
{Heap before GC invocations=18 (full 3):
 PSYoungGen      total 931840K, used 802582K [0x000000076ab00000, 0x00000007c0000000, 0x00000007c0000000)
  eden space 465920K, 100% used [0x000000076ab00000,0x0000000787200000,0x0000000787200000)
  from space 465920K, 72% used [0x00000007a3900000,0x00000007b81c5920,0x00000007c0000000)
  to   space 465920K, 0% used [0x0000000787200000,0x0000000787200000,0x00000007a3900000)
 ParOldGen       total 1256448K, used 821495K [0x00000006c0000000, 0x000000070cb00000, 0x000000076ab00000)
  object space 1256448K, 65% used [0x00000006c0000000,0x00000006f223dca8,0x000000070cb00000)
 Metaspace       used 15586K, capacity 16294K, committed 16512K, reserved 1064960K
  class space    used 1629K, capacity 1795K, committed 1920K, reserved 1048576K
Event: 14.580 GC heap after
Heap after GC invocations=18 (full 3):
 PSYoungGen      total 931840K, used 335846K [0x000000076ab00000, 0x00000007c0000000, 0x00000007c0000000)
  eden space 465920K, 0% used [0x000000076ab00000,0x000000076ab00000,0x0000000787200000)
  from space 465920K, 72% used [0x0000000787200000,0x000000079b9f9930,0x00000007a3900000)
  to   space 465920K, 0% used [0x00000007a3900000,0x00000007a3900000,0x00000007c0000000)
 ParOldGen       total 1256448K, used 821503K [0x00000006c0000000, 0x000000070cb00000, 0x000000076ab00000)
  object space 1256448K, 65% used [0x00000006c0000000,0x00000006f223fca8,0x000000070cb00000)
 Metaspace       used 15586K, capacity 16294K, committed 16512K, reserved 1064960K
  class space    used 1629K, capacity 1795K, committed 1920K, reserved 1048576K
}
Event: 15.812 GC heap before
{Heap before GC invocations=19 (full 3):
 PSYoungGen      total 931840K, used 801766K [0x000000076ab00000, 0x00000007c0000000, 0x00000007c0000000)
  eden space 465920K, 100% used [0x000000076ab00000,0x0000000787200000,0x0000000787200000)
  from space 465920K, 72% used [0x0000000787200000,0x000000079b9f9930,0x00000007a3900000)
  to   space 465920K, 0% used [0x00000007a3900000,0x00000007a3900000,0x00000007c0000000)
 ParOldGen       total 1256448K, used 821503K [0x00000006c0000000, 0x000000070cb00000, 0x000000076ab00000)
  object space 1256448K, 65% used [0x00000006c0000000,0x00000006f223fca8,0x000000070cb00000)
 Metaspace       used 15740K, capacity 16442K, committed 16768K, reserved 1064960K
  class space    used 1630K, capacity 1795K, committed 1920K, reserved 1048576K
Event: 15.918 GC heap after
Heap after GC invocations=19 (full 3):
 PSYoungGen      total 931840K, used 201302K [0x000000076ab00000, 0x00000007c0000000, 0x00000007c0000000)
  eden space 465920K, 0% used [0x000000076ab00000,0x000000076ab00000,0x0000000787200000)
  from space 465920K, 43% used [0x00000007a3900000,0x00000007afd95920,0x00000007c0000000)
  to   space 465920K, 0% used [0x0000000787200000,0x0000000787200000,0x00000007a3900000)
 ParOldGen       total 1256448K, used 942752K [0x00000006c0000000, 0x000000070cb00000, 0x000000076ab00000)
  object space 1256448K, 75% used [0x00000006c0000000,0x00000006f98a8268,0x000000070cb00000)
 Metaspace       used 15740K, capacity 16442K, committed 16768K, reserved 1064960K
  class space    used 1630K, capacity 1795K, committed 1920K, reserved 1048576K
}
Event: 17.332 GC heap before
{Heap before GC invocations=20 (full 3):
 PSYoungGen      total 931840K, used 667222K [0x000000076ab00000, 0x00000007c0000000, 0x00000007c0000000)
  eden space 465920K, 100% used [0x000000076ab00000,0x0000000787200000,0x0000000787200000)
  from space 465920K, 43% used [0x00000007a3900000,0x00000007afd95920,0x00000007c0000000)
  to   space 465920K, 0% used [0x0000000787200000,0x0000000787200000,0x00000007a3900000)
 ParOldGen       total 1256448K, used 942752K [0x00000006c0000000, 0x000000070cb00000, 0x000000076ab00000)
  object space 1256448K, 75% used [0x00000006c0000000,0x00000006f98a8268,0x000000070cb00000)
 Metaspace       used 15896K, capacity 16586K, committed 16768K, reserved 1064960K
  class space    used 1631K, capacity 1795K, committed 1920K, reserved 1048576K
Event: 17.416 GC heap after
Heap after GC invocations=20 (full 3):
 PSYoungGen      total 931840K, used 57922K [0x000000076ab00000, 0x00000007c0000000, 0x00000007c0000000)
  eden space 465920K, 0% used [0x000000076ab00000,0x000000076ab00000,0x0000000787200000)
  from space 465920K, 12% used [0x0000000787200000,0x000000078aa90940,0x00000007a3900000)
  to   space 465920K, 0% used [0x00000007a3900000,0x00000007a3900000,0x00000007c0000000)
 ParOldGen       total 1256448K, used 1085249K [0x00000006c0000000, 0x000000070cb00000, 0x000000076ab00000)
  object space 1256448K, 86% used [0x00000006c0000000,0x00000007023d04a8,0x000000070cb00000)
 Metaspace       used 15896K, capacity 16586K, committed 16768K, reserved 1064960K
  class space    used 1631K, capacity 1795K, committed 1920K, reserved 1048576K
}
Event: 17.416 GC heap before
{Heap before GC invocations=21 (full 4):
 PSYoungGen      total 931840K, used 57922K [0x000000076ab00000, 0x00000007c0000000, 0x00000007c0000000)
  eden space 465920K, 0% used [0x000000076ab00000,0x000000076ab00000,0x0000000787200000)
  from space 465920K, 12% used [0x0000000787200000,0x000000078aa90940,0x00000007a3900000)
  to   space 465920K, 0% used [0x00000007a3900000,0x00000007a3900000,0x00000007c0000000)
 ParOldGen       total 1256448K, used 1085249K [0x00000006c0000000, 0x000000070cb00000, 0x000000076ab00000)
  object space 1256448K, 86% used [0x00000006c0000000,0x00000007023d04a8,0x000000070cb00000)
 Metaspace       used 15896K, capacity 16586K, committed 16768K, reserved 1064960K
  class space    used 1631K, capacity 1795K, committed 1920K, reserved 1048576K
Event: 18.726 GC heap after
Heap after GC invocations=21 (full 4):
 PSYoungGen      total 931840K, used 0K [0x000000076ab00000, 0x00000007c0000000, 0x00000007c0000000)
  eden space 465920K, 0% used [0x000000076ab00000,0x000000076ab00000,0x0000000787200000)
  from space 465920K, 0% used [0x0000000787200000,0x0000000787200000,0x00000007a3900000)
  to   space 465920K, 0% used [0x00000007a3900000,0x00000007a3900000,0x00000007c0000000)
 ParOldGen       total 1661440K, used 1142551K [0x00000006c0000000, 0x0000000725680000, 0x000000076ab00000)
  object space 1661440K, 68% used [0x00000006c0000000,0x0000000705bc5ec0,0x0000000725680000)
 Metaspace       used 15896K, capacity 16586K, committed 16768K, reserved 1064960K
  class space    used 1631K, capacity 1795K, committed 1920K, reserved 1048576K
}
Event: 19.769 GC heap before
{Heap before GC invocations=22 (full 4):
 PSYoungGen      total 931840K, used 465920K [0x000000076ab00000, 0x00000007c0000000, 0x00000007c0000000)
  eden space 465920K, 100% used [0x000000076ab00000,0x0000000787200000,0x0000000787200000)
  from space 465920K, 0% used [0x0000000787200000,0x0000000787200000,0x00000007a3900000)
  to   space 465920K, 0% used [0x00000007a3900000,0x00000007a3900000,0x00000007c0000000)
 ParOldGen       total 1661440K, used 1142551K [0x00000006c0000000, 0x0000000725680000, 0x000000076ab00000)
  object space 1661440K, 68% used [0x00000006c0000000,0x0000000705bc5ec0,0x0000000725680000)
 Metaspace       used 15906K, capacity 16590K, committed 16768K, reserved 1064960K
  class space    used 1631K, capacity 1795K, committed 1920K, reserved 1048576K
Event: 19.773 GC heap after
Heap after GC invocations=22 (full 4):
 PSYoungGen      total 931840K, used 1664K [0x000000076ab00000, 0x00000007c0000000, 0x00000007c0000000)
  eden space 465920K, 0% used [0x000000076ab00000,0x000000076ab00000,0x0000000787200000)
  from space 465920K, 0% used [0x00000007a3900000,0x00000007a3aa0000,0x00000007c0000000)
  to   space 465920K, 0% used [0x0000000787200000,0x0000000787200000,0x00000007a3900000)
 ParOldGen       total 1661440K, used 1142551K [0x00000006c0000000, 0x0000000725680000, 0x000000076ab00000)
  object space 1661440K, 68% used [0x00000006c0000000,0x0000000705bc5ec0,0x0000000725680000)
 Metaspace       used 15906K, capacity 16590K, committed 16768K, reserved 1064960K
  class space    used 1631K, capacity 1795K, committed 1920K, reserved 1048576K
}

